<?xml version="1.0" encoding="UTF-8"?>
<!-- Generated by org.testng.reporters.JUnitReportReporter -->
<testsuite hostname="DESKTOP-EPAVBKE" failures="0" tests="1" name="com.actitime.testscript.CustomerModule" time="51.763" errors="0" timestamp="2023-09-25T10:30:16 IST" skipped="0">
  <testcase classname="com.actitime.testscript.CustomerModule" name="TestCreateCustomer" time="51.763">
    <system-out>
      <![CDATA[CreateCustomer]]>
    </system-out>
  </testcase> <!-- TestCreateCustomer -->
  <system-out>
    <![CDATA[open browser
login
CreateCustomer
logout
closebrowser]]>
  </system-out>
</testsuite> <!-- com.actitime.testscript.CustomerModule -->
